09:31:29: Creating resource group General
09:31:29: Creating resource group Internal
09:31:29: Creating resource group Autodetect
09:31:29: SceneManagerFactory for type 'DefaultSceneManager' registered.
09:31:29: Registering ResourceManager for type Material
09:31:29: Registering ResourceManager for type Mesh
09:31:29: Registering ResourceManager for type Skeleton
09:31:29: MovableObjectFactory for type 'ParticleSystem' registered.
09:31:29: OverlayElementFactory for type Panel registered.
09:31:29: OverlayElementFactory for type BorderPanel registered.
09:31:29: OverlayElementFactory for type TextArea registered.
09:31:29: Registering ResourceManager for type Font
09:31:29: ArchiveFactory for archive type FileSystem registered.
09:31:29: ArchiveFactory for archive type Zip registered.
09:31:29: DDS codec registering
09:31:29: FreeImage version: 3.13.1
09:31:29: This program uses FreeImage, a free, open source image library supporting all common bitmap formats. See http://freeimage.sourceforge.net for details
09:31:29: Supported formats: bmp,ico,jpg,jif,jpeg,jpe,jng,koa,iff,lbm,mng,pbm,pbm,pcd,pcx,pgm,pgm,png,ppm,ppm,ras,tga,targa,tif,tiff,wap,wbmp,wbm,psd,cut,xbm,xpm,gif,hdr,g3,sgi,exr,j2k,j2c,jp2,pfm,pct,pict,pic,bay,bmq,cr2,crw,cs1,dc2,dcr,dng,erf,fff,hdr,k25,kdc,mdc,mos,mrw,nef,orf,pef,pxn,raf,raw,rdc,sr2,srf,arw,3fr,cine,ia,kc2,mef,nrw,qtk,rw2,sti,drf,dsc,ptx,cap,iiq,rwz
09:31:29: Registering ResourceManager for type HighLevelGpuProgram
09:31:29: Registering ResourceManager for type Compositor
09:31:29: MovableObjectFactory for type 'Entity' registered.
09:31:29: MovableObjectFactory for type 'Light' registered.
09:31:29: MovableObjectFactory for type 'BillboardSet' registered.
09:31:29: MovableObjectFactory for type 'ManualObject' registered.
09:31:29: MovableObjectFactory for type 'BillboardChain' registered.
09:31:29: MovableObjectFactory for type 'RibbonTrail' registered.
09:31:29: OGRE EXCEPTION(6:FileNotFoundException): 'plugins.cfg' file not found! in ConfigFile::load at /home/tyler/.ogre/OgreMain/src/OgreConfigFile.cpp (line 83)
09:31:29: plugins.cfg not found, automatic plugin loading disabled.
09:31:29: *-*-* OGRE Initialising
09:31:29: *-*-* Version 1.7.4 (Cthugha)
09:31:29: OGRE EXCEPTION(6:FileNotFoundException): 'ogre.cfg' file not found! in ConfigFile::load at /home/tyler/.ogre/OgreMain/src/OgreConfigFile.cpp (line 83)
